# JRE version: OpenJDK Runtime Environment (8.0_112-b06) (build 1.8.0_112-release-b06)
# Java VM: OpenJDK 64-Bit Server VM (25.112-b06 mixed mode windows-amd64 compressed oops)
Heap:
 PSYoungGen      total 349184K, used 44624K [0x00000000e0000000, 0x00000000ff900000, 0x0000000100000000)
  eden space 304128K, 0% used [0x00000000e0000000,0x00000000e0000000,0x00000000f2900000)
  from space 45056K, 99% used [0x00000000f2900000,0x00000000f5494328,0x00000000f5500000)
  to   space 105472K, 0% used [0x00000000f9200000,0x00000000f9200000,0x00000000ff900000)
 ParOldGen       total 290816K, used 236525K [0x00000000a0000000, 0x00000000b1c00000, 0x00000000e0000000)
  object space 290816K, 81% used [0x00000000a0000000,0x00000000ae6fb6b8,0x00000000b1c00000)
 Metaspace       used 87529K, capacity 92294K, committed 92672K, reserved 1130496K
  class space    used 10796K, capacity 11685K, committed 11776K, reserved 1048576K
GC Heap History (10 events):
Event: 7351.148 GC heap after
Heap after GC invocations=61 (full 6):
 PSYoungGen      total 428032K, used 21538K [0x00000000e0000000, 0x00000000ff900000, 0x0000000100000000)
  eden space 337408K, 0% used [0x00000000e0000000,0x00000000e0000000,0x00000000f4980000)
  from space 90624K, 23% used [0x00000000f4980000,0x00000000f5e889d0,0x00000000fa200000)
  to   space 84992K, 0% used [0x00000000fa600000,0x00000000fa600000,0x00000000ff900000)
 ParOldGen       total 290816K, used 101374K [0x00000000a0000000, 0x00000000b1c00000, 0x00000000e0000000)
  object space 290816K, 34% used [0x00000000a0000000,0x00000000a62ff8d0,0x00000000b1c00000)
 Metaspace       used 86866K, capacity 91572K, committed 91776K, reserved 1130496K
  class space    used 10732K, capacity 11612K, committed 11648K, reserved 1048576K
}
Event: 7352.758 GC heap before
{Heap before GC invocations=62 (full 6):
 PSYoungGen      total 428032K, used 358946K [0x00000000e0000000, 0x00000000ff900000, 0x0000000100000000)
  eden space 337408K, 100% used [0x00000000e0000000,0x00000000f4980000,0x00000000f4980000)
  from space 90624K, 23% used [0x00000000f4980000,0x00000000f5e889d0,0x00000000fa200000)
  to   space 84992K, 0% used [0x00000000fa600000,0x00000000fa600000,0x00000000ff900000)
 ParOldGen       total 290816K, used 101374K [0x00000000a0000000, 0x00000000b1c00000, 0x00000000e0000000)
  object space 290816K, 34% used [0x00000000a0000000,0x00000000a62ff8d0,0x00000000b1c00000)
 Metaspace       used 87514K, capacity 92230K, committed 92416K, reserved 1130496K
  class space    used 10796K, capacity 11685K, committed 11776K, reserved 1048576K
Event: 7353.004 GC heap after
Heap after GC invocations=62 (full 6):
 PSYoungGen      total 386048K, used 84961K [0x00000000e0000000, 0x0000000100000000, 0x0000000100000000)
  eden space 301056K, 0% used [0x00000000e0000000,0x00000000e0000000,0x00000000f2600000)
  from space 84992K, 99% used [0x00000000fa600000,0x00000000ff8f85e0,0x00000000ff900000)
  to   space 111616K, 0% used [0x00000000f2600000,0x00000000f2600000,0x00000000f9300000)
 ParOldGen       total 290816K, used 130878K [0x00000000a0000000, 0x00000000b1c00000, 0x00000000e0000000)
  object space 290816K, 45% used [0x00000000a0000000,0x00000000a7fcfb68,0x00000000b1c00000)
 Metaspace       used 87514K, capacity 92230K, committed 92416K, reserved 1130496K
  class space    used 10796K, capacity 11685K, committed 11776K, reserved 1048576K
}
Event: 7360.037 GC heap before
{Heap before GC invocations=63 (full 6):
 PSYoungGen      total 386048K, used 385139K [0x00000000e0000000, 0x0000000100000000, 0x0000000100000000)
  eden space 301056K, 99% used [0x00000000e0000000,0x00000000f2524658,0x00000000f2600000)
  from space 84992K, 99% used [0x00000000fa600000,0x00000000ff8f85e0,0x00000000ff900000)
  to   space 111616K, 0% used [0x00000000f2600000,0x00000000f2600000,0x00000000f9300000)
 ParOldGen       total 290816K, used 130878K [0x00000000a0000000, 0x00000000b1c00000, 0x00000000e0000000)
  object space 290816K, 45% used [0x00000000a0000000,0x00000000a7fcfb68,0x00000000b1c00000)
 Metaspace       used 87524K, capacity 92230K, committed 92416K, reserved 1130496K
  class space    used 10796K, capacity 11685K, committed 11776K, reserved 1048576K
Event: 7360.428 GC heap after
Heap after GC invocations=63 (full 6):
 PSYoungGen      total 412672K, used 14703K [0x00000000e0000000, 0x0000000100000000, 0x0000000100000000)
  eden space 301056K, 0% used [0x00000000e0000000,0x00000000e0000000,0x00000000f2600000)
  from space 111616K, 13% used [0x00000000f2600000,0x00000000f345be30,0x00000000f9300000)
  to   space 108032K, 0% used [0x00000000f9680000,0x00000000f9680000,0x0000000100000000)
 ParOldGen       total 290816K, used 210836K [0x00000000a0000000, 0x00000000b1c00000, 0x00000000e0000000)
  object space 290816K, 72% used [0x00000000a0000000,0x00000000acde5008,0x00000000b1c00000)
 Metaspace       used 87524K, capacity 92230K, committed 92416K, reserved 1130496K
  class space    used 10796K, capacity 11685K, committed 11776K, reserved 1048576K
}
Event: 7364.288 GC heap before
{Heap before GC invocations=64 (full 6):
 PSYoungGen      total 412672K, used 315759K [0x00000000e0000000, 0x0000000100000000, 0x0000000100000000)
  eden space 301056K, 100% used [0x00000000e0000000,0x00000000f2600000,0x00000000f2600000)
  from space 111616K, 13% used [0x00000000f2600000,0x00000000f345be30,0x00000000f9300000)
  to   space 108032K, 0% used [0x00000000f9680000,0x00000000f9680000,0x0000000100000000)
 ParOldGen       total 290816K, used 210836K [0x00000000a0000000, 0x00000000b1c00000, 0x00000000e0000000)
  object space 290816K, 72% used [0x00000000a0000000,0x00000000acde5008,0x00000000b1c00000)
 Metaspace       used 87526K, capacity 92230K, committed 92416K, reserved 1130496K
  class space    used 10796K, capacity 11685K, committed 11776K, reserved 1048576K
Event: 7364.447 GC heap after
Heap after GC invocations=64 (full 6):
 PSYoungGen      total 412160K, used 59093K [0x00000000e0000000, 0x0000000100000000, 0x0000000100000000)
  eden space 304128K, 0% used [0x00000000e0000000,0x00000000e0000000,0x00000000f2900000)
  from space 108032K, 54% used [0x00000000f9680000,0x00000000fd035410,0x0000000100000000)
  to   space 110080K, 0% used [0x00000000f2900000,0x00000000f2900000,0x00000000f9480000)
 ParOldGen       total 290816K, used 222628K [0x00000000a0000000, 0x00000000b1c00000, 0x00000000e0000000)
  object space 290816K, 76% used [0x00000000a0000000,0x00000000ad9692f8,0x00000000b1c00000)
 Metaspace       used 87526K, capacity 92230K, committed 92416K, reserved 1130496K
  class space    used 10796K, capacity 11685K, committed 11776K, reserved 1048576K
}
Event: 7364.927 GC heap before
{Heap before GC invocations=65 (full 6):
 PSYoungGen      total 412160K, used 363221K [0x00000000e0000000, 0x0000000100000000, 0x0000000100000000)
  eden space 304128K, 100% used [0x00000000e0000000,0x00000000f2900000,0x00000000f2900000)
  from space 108032K, 54% used [0x00000000f9680000,0x00000000fd035410,0x0000000100000000)
  to   space 110080K, 0% used [0x00000000f2900000,0x00000000f2900000,0x00000000f9480000)
 ParOldGen       total 290816K, used 222628K [0x00000000a0000000, 0x00000000b1c00000, 0x00000000e0000000)
  object space 290816K, 76% used [0x00000000a0000000,0x00000000ad9692f8,0x00000000b1c00000)
 Metaspace       used 87529K, capacity 92294K, committed 92672K, reserved 1130496K
  class space    used 10796K, capacity 11685K, committed 11776K, reserved 1048576K
Event: 7364.993 GC heap after
Heap after GC invocations=65 (full 6):
 PSYoungGen      total 349184K, used 44624K [0x00000000e0000000, 0x00000000ff900000, 0x0000000100000000)
  eden space 304128K, 0% used [0x00000000e0000000,0x00000000e0000000,0x00000000f2900000)
  from space 45056K, 99% used [0x00000000f2900000,0x00000000f5494328,0x00000000f5500000)
  to   space 105472K, 0% used [0x00000000f9200000,0x00000000f9200000,0x00000000ff900000)
 ParOldGen       total 290816K, used 236525K [0x00000000a0000000, 0x00000000b1c00000, 0x00000000e0000000)
  object space 290816K, 81% used [0x00000000a0000000,0x00000000ae6fb6b8,0x00000000b1c00000)
 Metaspace       used 87529K, capacity 92294K, committed 92672K, reserved 1130496K
  class space    used 10796K, capacity 11685K, committed 11776K, reserved 1048576K
}
Event: 7364.993 GC heap before
{Heap before GC invocations=66 (full 7):
 PSYoungGen      total 349184K, used 44624K [0x00000000e0000000, 0x00000000ff900000, 0x0000000100000000)
  eden space 304128K, 0% used [0x00000000e0000000,0x00000000e0000000,0x00000000f2900000)
  from space 45056K, 99% used [0x00000000f2900000,0x00000000f5494328,0x00000000f5500000)
  to   space 105472K, 0% used [0x00000000f9200000,0x00000000f9200000,0x00000000ff900000)
 ParOldGen       total 290816K, used 236525K [0x00000000a0000000, 0x00000000b1c00000, 0x00000000e0000000)
  object space 290816K, 81% used [0x00000000a0000000,0x00000000ae6fb6b8,0x00000000b1c00000)
 Metaspace       used 87529K, capacity 92294K, committed 92672K, reserved 1130496K
  class space    used 10796K, capacity 11685K, committed 11776K, reserved 1048576K

